Build started 18-May-14 2:00:20 AM.
     1>Project "C:\Users\Tino\Documents\Visual Studio 2013\Projects\Vjezba1\Priprema7\Priprema7.vcxproj" on node 3 (Build target(s)).
     1>ClCompile:
         C:\Program Files (x86)\Microsoft Visual Studio 12.0\VC\bin\CL.exe /c /ZI /nologo /W3 /WX- /sdl /Od /Oy- /D WIN32 /D _DEBUG /D _CONSOLE /D _LIB /D _UNICODE /D UNICODE /Gm /EHsc /RTC1 /MDd /GS /fp:precise /Zc:wchar_t /Zc:forScope /Fo"Debug\\" /Fd"Debug\vc120.pdb" /Gd /TP /analyze- /errorReport:prompt main.cpp Osoba.cpp Paket.cpp Posta.cpp Postar.cpp Primatelj.cpp
         Primatelj.cpp
     1>c:\users\tino\documents\visual studio 2013\projects\vjezba1\priprema7\primatelj.cpp(5): error C2512: 'Osoba' : no appropriate default constructor available
         Postar.cpp
     1>c:\users\tino\documents\visual studio 2013\projects\vjezba1\priprema7\postar.cpp(5): error C2512: 'Osoba' : no appropriate default constructor available
         Posta.cpp
         Paket.cpp
         Osoba.cpp
         main.cpp
     1>c:\users\tino\documents\visual studio 2013\projects\vjezba1\priprema7\main.cpp(12): error C2661: 'Posta::Posta' : no overloaded function takes 2 arguments
     1>c:\users\tino\documents\visual studio 2013\projects\vjezba1\priprema7\main.cpp(18): error C2065: 'Postar' : undeclared identifier
     1>c:\users\tino\documents\visual studio 2013\projects\vjezba1\priprema7\main.cpp(18): error C2065: 'tmpPos' : undeclared identifier
     1>c:\users\tino\documents\visual studio 2013\projects\vjezba1\priprema7\main.cpp(18): error C2061: syntax error : identifier 'Postar'
     1>c:\users\tino\documents\visual studio 2013\projects\vjezba1\priprema7\main.cpp(19): error C2039: 'dodajPostara' : is not a member of 'Posta'
                 c:\users\tino\documents\visual studio 2013\projects\vjezba1\priprema7\posta.h(4) : see declaration of 'Posta'
     1>c:\users\tino\documents\visual studio 2013\projects\vjezba1\priprema7\main.cpp(19): error C2065: 'tmpPos' : undeclared identifier
     1>c:\users\tino\documents\visual studio 2013\projects\vjezba1\priprema7\main.cpp(27): error C2065: 'Primatelj' : undeclared identifier
     1>c:\users\tino\documents\visual studio 2013\projects\vjezba1\priprema7\main.cpp(27): error C2065: 'tmpPri' : undeclared identifier
     1>c:\users\tino\documents\visual studio 2013\projects\vjezba1\priprema7\main.cpp(27): error C2061: syntax error : identifier 'Primatelj'
     1>c:\users\tino\documents\visual studio 2013\projects\vjezba1\priprema7\main.cpp(28): error C2039: 'dodajPrimatelja' : is not a member of 'Posta'
                 c:\users\tino\documents\visual studio 2013\projects\vjezba1\priprema7\posta.h(4) : see declaration of 'Posta'
     1>c:\users\tino\documents\visual studio 2013\projects\vjezba1\priprema7\main.cpp(28): error C2065: 'tmpPri' : undeclared identifier
     1>c:\users\tino\documents\visual studio 2013\projects\vjezba1\priprema7\main.cpp(40): error C2039: 'zaprimiPosiljku' : is not a member of 'Posta'
                 c:\users\tino\documents\visual studio 2013\projects\vjezba1\priprema7\posta.h(4) : see declaration of 'Posta'
     1>c:\users\tino\documents\visual studio 2013\projects\vjezba1\priprema7\main.cpp(43): error C2039: 'dispatch' : is not a member of 'Posta'
                 c:\users\tino\documents\visual studio 2013\projects\vjezba1\priprema7\posta.h(4) : see declaration of 'Posta'
     1>c:\users\tino\documents\visual studio 2013\projects\vjezba1\priprema7\main.cpp(46): error C2065: 'vector' : undeclared identifier
     1>c:\users\tino\documents\visual studio 2013\projects\vjezba1\priprema7\main.cpp(46): error C2275: 'std::string' : illegal use of this type as an expression
                 c:\program files (x86)\microsoft visual studio 12.0\vc\include\xstring(2643) : see declaration of 'std::string'
     1>c:\users\tino\documents\visual studio 2013\projects\vjezba1\priprema7\main.cpp(46): error C2065: 'najPost' : undeclared identifier
     1>c:\users\tino\documents\visual studio 2013\projects\vjezba1\priprema7\main.cpp(46): error C2039: 'getNajboljiPostari' : is not a member of 'Posta'
                 c:\users\tino\documents\visual studio 2013\projects\vjezba1\priprema7\posta.h(4) : see declaration of 'Posta'
     1>c:\users\tino\documents\visual studio 2013\projects\vjezba1\priprema7\main.cpp(47): error C2065: 'najPost' : undeclared identifier
     1>c:\users\tino\documents\visual studio 2013\projects\vjezba1\priprema7\main.cpp(47): error C2228: left of '.size' must have class/struct/union
                 type is 'unknown-type'
     1>c:\users\tino\documents\visual studio 2013\projects\vjezba1\priprema7\main.cpp(48): error C2065: 'najPost' : undeclared identifier
     1>c:\users\tino\documents\visual studio 2013\projects\vjezba1\priprema7\main.cpp(48): error C2228: left of '.size' must have class/struct/union
                 type is 'unknown-type'
     1>c:\users\tino\documents\visual studio 2013\projects\vjezba1\priprema7\main.cpp(49): error C2065: 'najPost' : undeclared identifier
     1>c:\users\tino\documents\visual studio 2013\projects\vjezba1\priprema7\main.cpp(52): error C2065: 'vector' : undeclared identifier
     1>c:\users\tino\documents\visual studio 2013\projects\vjezba1\priprema7\main.cpp(52): error C2275: 'std::string' : illegal use of this type as an expression
                 c:\program files (x86)\microsoft visual studio 12.0\vc\include\xstring(2643) : see declaration of 'std::string'
     1>c:\users\tino\documents\visual studio 2013\projects\vjezba1\priprema7\main.cpp(52): error C2065: 'sviPrim' : undeclared identifier
     1>c:\users\tino\documents\visual studio 2013\projects\vjezba1\priprema7\main.cpp(52): error C2039: 'getListaIsporuka' : is not a member of 'Posta'
                 c:\users\tino\documents\visual studio 2013\projects\vjezba1\priprema7\posta.h(4) : see declaration of 'Posta'
     1>c:\users\tino\documents\visual studio 2013\projects\vjezba1\priprema7\main.cpp(53): error C2065: 'sviPrim' : undeclared identifier
     1>c:\users\tino\documents\visual studio 2013\projects\vjezba1\priprema7\main.cpp(53): error C2228: left of '.size' must have class/struct/union
                 type is 'unknown-type'
     1>c:\users\tino\documents\visual studio 2013\projects\vjezba1\priprema7\main.cpp(54): error C2065: 'sviPrim' : undeclared identifier
     1>c:\users\tino\documents\visual studio 2013\projects\vjezba1\priprema7\main.cpp(56): error C2065: 'vector' : undeclared identifier
     1>c:\users\tino\documents\visual studio 2013\projects\vjezba1\priprema7\main.cpp(56): error C2275: 'std::string' : illegal use of this type as an expression
                 c:\program files (x86)\microsoft visual studio 12.0\vc\include\xstring(2643) : see declaration of 'std::string'
     1>c:\users\tino\documents\visual studio 2013\projects\vjezba1\priprema7\main.cpp(56): error C2065: 'nedostavljeno' : undeclared identifier
     1>c:\users\tino\documents\visual studio 2013\projects\vjezba1\priprema7\main.cpp(56): error C2039: 'getListaNedostavljenih' : is not a member of 'Posta'
                 c:\users\tino\documents\visual studio 2013\projects\vjezba1\priprema7\posta.h(4) : see declaration of 'Posta'
     1>c:\users\tino\documents\visual studio 2013\projects\vjezba1\priprema7\main.cpp(57): error C2065: 'nedostavljeno' : undeclared identifier
     1>c:\users\tino\documents\visual studio 2013\projects\vjezba1\priprema7\main.cpp(57): error C2228: left of '.size' must have class/struct/union
                 type is 'unknown-type'
     1>c:\users\tino\documents\visual studio 2013\projects\vjezba1\priprema7\main.cpp(60): error C2065: 'nedostavljeno' : undeclared identifier
     1>c:\users\tino\documents\visual studio 2013\projects\vjezba1\priprema7\main.cpp(60): error C2228: left of '.size' must have class/struct/union
                 type is 'unknown-type'
     1>c:\users\tino\documents\visual studio 2013\projects\vjezba1\priprema7\main.cpp(61): error C2065: 'nedostavljeno' : undeclared identifier
         Generating Code...
     1>Done Building Project "C:\Users\Tino\Documents\Visual Studio 2013\Projects\Vjezba1\Priprema7\Priprema7.vcxproj" (Build target(s)) -- FAILED.

Build FAILED.

Time Elapsed 00:00:02.81
