Build started 18-May-14 2:00:16 AM.
     1>Project "C:\Users\Tino\Documents\Visual Studio 2013\Projects\Vjezba1\Priprema5\Priprema5.vcxproj" on node 4 (Build target(s)).
     1>ClCompile:
         C:\Program Files (x86)\Microsoft Visual Studio 12.0\VC\bin\CL.exe /c /ZI /nologo /W3 /WX- /sdl /Od /Oy- /D WIN32 /D _DEBUG /D _CONSOLE /D _LIB /D _UNICODE /D UNICODE /Gm /EHsc /RTC1 /MDd /GS /fp:precise /Zc:wchar_t /Zc:forScope /Fo"Debug\\" /Fd"Debug\vc120.pdb" /Gd /TP /analyze- /errorReport:prompt Main.cpp Skupina.cpp Utakmica.cpp
         Utakmica.cpp
         Skupina.cpp
     1>c:\users\tino\documents\visual studio 2013\projects\vjezba1\priprema5\skupina.cpp(10): warning C4018: '<' : signed/unsigned mismatch
     1>c:\users\tino\documents\visual studio 2013\projects\vjezba1\priprema5\skupina.cpp(15): warning C4018: '<' : signed/unsigned mismatch
     1>c:\users\tino\documents\visual studio 2013\projects\vjezba1\priprema5\skupina.cpp(41): warning C4018: '<' : signed/unsigned mismatch
     1>c:\users\tino\documents\visual studio 2013\projects\vjezba1\priprema5\skupina.cpp(40): warning C4101: 'j' : unreferenced local variable
     1>c:\users\tino\documents\visual studio 2013\projects\vjezba1\priprema5\skupina.cpp(51): warning C4018: '<' : signed/unsigned mismatch
     1>c:\users\tino\documents\visual studio 2013\projects\vjezba1\priprema5\skupina.cpp(53): warning C4018: '<' : signed/unsigned mismatch
     1>c:\users\tino\documents\visual studio 2013\projects\vjezba1\priprema5\skupina.cpp(64): warning C4018: '<' : signed/unsigned mismatch
         Main.cpp
         Generating Code...
     1>c:\users\tino\documents\visual studio 2013\projects\vjezba1\priprema5\skupina.cpp(12): warning C4715: 'Skupina::getNizEkipa' : not all control paths return a value
     1>c:\users\tino\documents\visual studio 2013\projects\vjezba1\priprema5\skupina.cpp(17): warning C4715: 'Skupina::getNizUtakmica' : not all control paths return a value
       Link:
         C:\Program Files (x86)\Microsoft Visual Studio 12.0\VC\bin\link.exe /ERRORREPORT:PROMPT /OUT:"C:\Users\Tino\Documents\Visual Studio 2013\Projects\Vjezba1\Debug\Priprema5.exe" /INCREMENTAL /NOLOGO kernel32.lib user32.lib gdi32.lib winspool.lib comdlg32.lib advapi32.lib shell32.lib ole32.lib oleaut32.lib uuid.lib odbc32.lib odbccp32.lib /MANIFEST /MANIFESTUAC:"level='asInvoker' uiAccess='false'" /manifest:embed /DEBUG /PDB:"C:\Users\Tino\Documents\Visual Studio 2013\Projects\Vjezba1\Debug\Priprema5.pdb" /SUBSYSTEM:CONSOLE /TLBID:1 /DYNAMICBASE /NXCOMPAT /IMPLIB:"C:\Users\Tino\Documents\Visual Studio 2013\Projects\Vjezba1\Debug\Priprema5.lib" /MACHINE:X86 Debug\Main.obj
         Debug\Skupina.obj
         Debug\Utakmica.obj
         Priprema5.vcxproj -> C:\Users\Tino\Documents\Visual Studio 2013\Projects\Vjezba1\Debug\Priprema5.exe
     1>Done Building Project "C:\Users\Tino\Documents\Visual Studio 2013\Projects\Vjezba1\Priprema5\Priprema5.vcxproj" (Build target(s)).

Build succeeded.

Time Elapsed 00:00:03.83
